2023-05-24 06:59:33,841 [Worker-1: Loading available Gradle versions] INFO  o.e.b.c.i.u.g.PublishedGradleVersions - Gradle version information cache is up-to-date. Trying to read.
2023-05-24 06:59:39,090 [Worker-5: Building] INFO  o.a.m.s.f.DefaultMavenResourcesFiltering - Copying 1 resource from src\main\resources to target\classes
2023-05-24 06:59:39,148 [Worker-5: Building] INFO  o.a.m.s.f.DefaultMavenResourcesFiltering - Copying 0 resource from src\main\resources to target\classes
2023-05-24 06:59:39,162 [Worker-5: Building] INFO  o.a.m.s.f.DefaultMavenResourcesFiltering - skip non existing resourceDirectory C:\api\demo\src\test\resources
2023-05-24 07:07:25,545 [Worker-12: Building] INFO  o.a.m.s.f.DefaultMavenResourcesFiltering - Copying 1 resource from src\main\resources to target\classes
2023-05-24 07:07:25,581 [Worker-12: Building] INFO  o.a.m.s.f.DefaultMavenResourcesFiltering - Copying 1 resource from src\main\resources to target\classes
2023-05-24 07:07:25,592 [Worker-12: Building] INFO  o.a.m.s.f.DefaultMavenResourcesFiltering - skip non existing resourceDirectory C:\api\demo\src\test\resources
2023-05-24 07:13:34,643 [Worker-3: Launching Executing install in C__api_demo] INFO  o.eclipse.m2e.core.internal.Bundles - getClasspathEntries(Bundle=org.eclipse.m2e.maven.runtime_3.8.701.20230209-1606 [346])
2023-05-24 07:13:34,651 [Worker-3: Launching Executing install in C__api_demo] INFO  o.eclipse.m2e.core.internal.Bundles - 	Entry: C:\Users\NERM\Downloads\sts-4.18.1.RELEASE\plugins\org.eclipse.m2e.maven.runtime_3.8.701.20230209-1606
2023-05-24 07:13:34,653 [Worker-3: Launching Executing install in C__api_demo] INFO  o.eclipse.m2e.core.internal.Bundles - 	Entry: C:\Users\NERM\Downloads\sts-4.18.1.RELEASE\plugins\org.eclipse.m2e.maven.runtime_3.8.701.20230209-1606\jars\aether-connector-okhttp-0.17.8.jar
2023-05-24 07:13:34,654 [Worker-3: Launching Executing install in C__api_demo] INFO  o.eclipse.m2e.core.internal.Bundles - 	Entry: C:\Users\NERM\Downloads\sts-4.18.1.RELEASE\plugins\org.eclipse.m2e.maven.runtime_3.8.701.20230209-1606\jars\commons-lang3-3.8.1.jar
2023-05-24 07:13:34,654 [Worker-3: Launching Executing install in C__api_demo] INFO  o.eclipse.m2e.core.internal.Bundles - 	Entry: C:\Users\NERM\Downloads\sts-4.18.1.RELEASE\plugins\org.eclipse.m2e.maven.runtime_3.8.701.20230209-1606\jars\guice-4.2.2-no_aop.jar
2023-05-24 07:13:34,656 [Worker-3: Launching Executing install in C__api_demo] INFO  o.eclipse.m2e.core.internal.Bundles - 	Entry: C:\Users\NERM\Downloads\sts-4.18.1.RELEASE\plugins\org.eclipse.m2e.maven.runtime_3.8.701.20230209-1606\jars\jansi-2.4.0.jar
2023-05-24 07:13:34,657 [Worker-3: Launching Executing install in C__api_demo] INFO  o.eclipse.m2e.core.internal.Bundles - 	Entry: C:\Users\NERM\Downloads\sts-4.18.1.RELEASE\plugins\org.eclipse.m2e.maven.runtime_3.8.701.20230209-1606\jars\maven-artifact-3.8.7.jar
2023-05-24 07:13:34,657 [Worker-3: Launching Executing install in C__api_demo] INFO  o.eclipse.m2e.core.internal.Bundles - 	Entry: C:\Users\NERM\Downloads\sts-4.18.1.RELEASE\plugins\org.eclipse.m2e.maven.runtime_3.8.701.20230209-1606\jars\maven-builder-support-3.8.7.jar
2023-05-24 07:13:34,657 [Worker-3: Launching Executing install in C__api_demo] INFO  o.eclipse.m2e.core.internal.Bundles - 	Entry: C:\Users\NERM\Downloads\sts-4.18.1.RELEASE\plugins\org.eclipse.m2e.maven.runtime_3.8.701.20230209-1606\jars\maven-compat-3.8.7.jar
2023-05-24 07:13:34,658 [Worker-3: Launching Executing install in C__api_demo] INFO  o.eclipse.m2e.core.internal.Bundles - 	Entry: C:\Users\NERM\Downloads\sts-4.18.1.RELEASE\plugins\org.eclipse.m2e.maven.runtime_3.8.701.20230209-1606\jars\maven-core-3.8.7.jar
2023-05-24 07:13:34,658 [Worker-3: Launching Executing install in C__api_demo] INFO  o.eclipse.m2e.core.internal.Bundles - 	Entry: C:\Users\NERM\Downloads\sts-4.18.1.RELEASE\plugins\org.eclipse.m2e.maven.runtime_3.8.701.20230209-1606\jars\maven-embedder-3.8.7.jar
2023-05-24 07:13:34,659 [Worker-3: Launching Executing install in C__api_demo] INFO  o.eclipse.m2e.core.internal.Bundles - 	Entry: C:\Users\NERM\Downloads\sts-4.18.1.RELEASE\plugins\org.eclipse.m2e.maven.runtime_3.8.701.20230209-1606\jars\maven-model-3.8.7.jar
2023-05-24 07:13:34,659 [Worker-3: Launching Executing install in C__api_demo] INFO  o.eclipse.m2e.core.internal.Bundles - 	Entry: C:\Users\NERM\Downloads\sts-4.18.1.RELEASE\plugins\org.eclipse.m2e.maven.runtime_3.8.701.20230209-1606\jars\maven-model-builder-3.8.7.jar
2023-05-24 07:13:34,660 [Worker-3: Launching Executing install in C__api_demo] INFO  o.eclipse.m2e.core.internal.Bundles - 	Entry: C:\Users\NERM\Downloads\sts-4.18.1.RELEASE\plugins\org.eclipse.m2e.maven.runtime_3.8.701.20230209-1606\jars\maven-plugin-api-3.8.7.jar
2023-05-24 07:13:34,660 [Worker-3: Launching Executing install in C__api_demo] INFO  o.eclipse.m2e.core.internal.Bundles - 	Entry: C:\Users\NERM\Downloads\sts-4.18.1.RELEASE\plugins\org.eclipse.m2e.maven.runtime_3.8.701.20230209-1606\jars\maven-repository-metadata-3.8.7.jar
2023-05-24 07:13:34,660 [Worker-3: Launching Executing install in C__api_demo] INFO  o.eclipse.m2e.core.internal.Bundles - 	Entry: C:\Users\NERM\Downloads\sts-4.18.1.RELEASE\plugins\org.eclipse.m2e.maven.runtime_3.8.701.20230209-1606\jars\maven-resolver-api-1.6.3.jar
2023-05-24 07:13:34,661 [Worker-3: Launching Executing install in C__api_demo] INFO  o.eclipse.m2e.core.internal.Bundles - 	Entry: C:\Users\NERM\Downloads\sts-4.18.1.RELEASE\plugins\org.eclipse.m2e.maven.runtime_3.8.701.20230209-1606\jars\maven-resolver-connector-basic-1.6.3.jar
2023-05-24 07:13:34,661 [Worker-3: Launching Executing install in C__api_demo] INFO  o.eclipse.m2e.core.internal.Bundles - 	Entry: C:\Users\NERM\Downloads\sts-4.18.1.RELEASE\plugins\org.eclipse.m2e.maven.runtime_3.8.701.20230209-1606\jars\maven-resolver-impl-1.6.3.jar
2023-05-24 07:13:34,661 [Worker-3: Launching Executing install in C__api_demo] INFO  o.eclipse.m2e.core.internal.Bundles - 	Entry: C:\Users\NERM\Downloads\sts-4.18.1.RELEASE\plugins\org.eclipse.m2e.maven.runtime_3.8.701.20230209-1606\jars\maven-resolver-provider-3.8.7.jar
2023-05-24 07:13:34,662 [Worker-3: Launching Executing install in C__api_demo] INFO  o.eclipse.m2e.core.internal.Bundles - 	Entry: C:\Users\NERM\Downloads\sts-4.18.1.RELEASE\plugins\org.eclipse.m2e.maven.runtime_3.8.701.20230209-1606\jars\maven-resolver-spi-1.6.3.jar
2023-05-24 07:13:34,662 [Worker-3: Launching Executing install in C__api_demo] INFO  o.eclipse.m2e.core.internal.Bundles - 	Entry: C:\Users\NERM\Downloads\sts-4.18.1.RELEASE\plugins\org.eclipse.m2e.maven.runtime_3.8.701.20230209-1606\jars\maven-resolver-transport-wagon-1.6.3.jar
2023-05-24 07:13:34,662 [Worker-3: Launching Executing install in C__api_demo] INFO  o.eclipse.m2e.core.internal.Bundles - 	Entry: C:\Users\NERM\Downloads\sts-4.18.1.RELEASE\plugins\org.eclipse.m2e.maven.runtime_3.8.701.20230209-1606\jars\maven-resolver-util-1.6.3.jar
2023-05-24 07:13:34,663 [Worker-3: Launching Executing install in C__api_demo] INFO  o.eclipse.m2e.core.internal.Bundles - 	Entry: C:\Users\NERM\Downloads\sts-4.18.1.RELEASE\plugins\org.eclipse.m2e.maven.runtime_3.8.701.20230209-1606\jars\maven-settings-3.8.7.jar
2023-05-24 07:13:34,663 [Worker-3: Launching Executing install in C__api_demo] INFO  o.eclipse.m2e.core.internal.Bundles - 	Entry: C:\Users\NERM\Downloads\sts-4.18.1.RELEASE\plugins\org.eclipse.m2e.maven.runtime_3.8.701.20230209-1606\jars\maven-settings-builder-3.8.7.jar
2023-05-24 07:13:34,663 [Worker-3: Launching Executing install in C__api_demo] INFO  o.eclipse.m2e.core.internal.Bundles - 	Entry: C:\Users\NERM\Downloads\sts-4.18.1.RELEASE\plugins\org.eclipse.m2e.maven.runtime_3.8.701.20230209-1606\jars\maven-shared-utils-3.3.4.jar
2023-05-24 07:13:34,664 [Worker-3: Launching Executing install in C__api_demo] INFO  o.eclipse.m2e.core.internal.Bundles - 	Entry: C:\Users\NERM\Downloads\sts-4.18.1.RELEASE\plugins\org.eclipse.m2e.maven.runtime_3.8.701.20230209-1606\jars\okhttp-3.14.1.jar
2023-05-24 07:13:34,664 [Worker-3: Launching Executing install in C__api_demo] INFO  o.eclipse.m2e.core.internal.Bundles - 	Entry: C:\Users\NERM\Downloads\sts-4.18.1.RELEASE\plugins\org.eclipse.m2e.maven.runtime_3.8.701.20230209-1606\jars\okio-1.17.3.jar
2023-05-24 07:13:34,665 [Worker-3: Launching Executing install in C__api_demo] INFO  o.eclipse.m2e.core.internal.Bundles - 	Entry: C:\Users\NERM\Downloads\sts-4.18.1.RELEASE\plugins\org.eclipse.m2e.maven.runtime_3.8.701.20230209-1606\jars\org.eclipse.sisu.inject-0.3.5.jar
2023-05-24 07:13:34,665 [Worker-3: Launching Executing install in C__api_demo] INFO  o.eclipse.m2e.core.internal.Bundles - 	Entry: C:\Users\NERM\Downloads\sts-4.18.1.RELEASE\plugins\org.eclipse.m2e.maven.runtime_3.8.701.20230209-1606\jars\org.eclipse.sisu.plexus-0.3.5.jar
2023-05-24 07:13:34,666 [Worker-3: Launching Executing install in C__api_demo] INFO  o.eclipse.m2e.core.internal.Bundles - 	Entry: C:\Users\NERM\Downloads\sts-4.18.1.RELEASE\plugins\org.eclipse.m2e.maven.runtime_3.8.701.20230209-1606\jars\plexus-build-api-0.0.7.jar
2023-05-24 07:13:34,666 [Worker-3: Launching Executing install in C__api_demo] INFO  o.eclipse.m2e.core.internal.Bundles - 	Entry: C:\Users\NERM\Downloads\sts-4.18.1.RELEASE\plugins\org.eclipse.m2e.maven.runtime_3.8.701.20230209-1606\jars\plexus-cipher-2.0.jar
2023-05-24 07:13:34,666 [Worker-3: Launching Executing install in C__api_demo] INFO  o.eclipse.m2e.core.internal.Bundles - 	Entry: C:\Users\NERM\Downloads\sts-4.18.1.RELEASE\plugins\org.eclipse.m2e.maven.runtime_3.8.701.20230209-1606\jars\plexus-classworlds-2.6.0.jar
2023-05-24 07:13:34,667 [Worker-3: Launching Executing install in C__api_demo] INFO  o.eclipse.m2e.core.internal.Bundles - 	Entry: C:\Users\NERM\Downloads\sts-4.18.1.RELEASE\plugins\org.eclipse.m2e.maven.runtime_3.8.701.20230209-1606\jars\plexus-component-annotations-2.1.0.jar
2023-05-24 07:13:34,667 [Worker-3: Launching Executing install in C__api_demo] INFO  o.eclipse.m2e.core.internal.Bundles - 	Entry: C:\Users\NERM\Downloads\sts-4.18.1.RELEASE\plugins\org.eclipse.m2e.maven.runtime_3.8.701.20230209-1606\jars\plexus-interpolation-1.26.jar
2023-05-24 07:13:34,668 [Worker-3: Launching Executing install in C__api_demo] INFO  o.eclipse.m2e.core.internal.Bundles - 	Entry: C:\Users\NERM\Downloads\sts-4.18.1.RELEASE\plugins\org.eclipse.m2e.maven.runtime_3.8.701.20230209-1606\jars\plexus-sec-dispatcher-2.0.jar
2023-05-24 07:13:34,669 [Worker-3: Launching Executing install in C__api_demo] INFO  o.eclipse.m2e.core.internal.Bundles - 	Entry: C:\Users\NERM\Downloads\sts-4.18.1.RELEASE\plugins\org.eclipse.m2e.maven.runtime_3.8.701.20230209-1606\jars\plexus-utils-3.3.1.jar
2023-05-24 07:13:34,669 [Worker-3: Launching Executing install in C__api_demo] INFO  o.eclipse.m2e.core.internal.Bundles - 	Entry: C:\Users\NERM\Downloads\sts-4.18.1.RELEASE\plugins\org.eclipse.m2e.maven.runtime_3.8.701.20230209-1606\jars\wagon-file-3.5.3.jar
2023-05-24 07:13:34,669 [Worker-3: Launching Executing install in C__api_demo] INFO  o.eclipse.m2e.core.internal.Bundles - 	Entry: C:\Users\NERM\Downloads\sts-4.18.1.RELEASE\plugins\org.eclipse.m2e.maven.runtime_3.8.701.20230209-1606\jars\wagon-provider-api-3.5.3.jar
2023-05-24 07:13:34,673 [Worker-3: Launching Executing install in C__api_demo] INFO  o.eclipse.m2e.core.internal.Bundles - getClasspathEntries(Bundle=com.google.guava_31.1.0.jre [23])
2023-05-24 07:13:34,675 [Worker-3: Launching Executing install in C__api_demo] INFO  o.eclipse.m2e.core.internal.Bundles - 	Entry: C:\Users\NERM\Downloads\sts-4.18.1.RELEASE\plugins\com.google.guava_31.1.0.jre.jar
2023-05-24 07:13:34,675 [Worker-3: Launching Executing install in C__api_demo] INFO  o.eclipse.m2e.core.internal.Bundles - getClasspathEntries(Bundle=slf4j.api_1.7.36 [580])
2023-05-24 07:13:34,676 [Worker-3: Launching Executing install in C__api_demo] INFO  o.eclipse.m2e.core.internal.Bundles - 	Entry: C:\Users\NERM\Downloads\sts-4.18.1.RELEASE\plugins\slf4j.api_1.7.36.jar
2023-05-24 07:13:34,676 [Worker-3: Launching Executing install in C__api_demo] INFO  o.eclipse.m2e.core.internal.Bundles - getClasspathEntries(Bundle=javax.inject_1.0.0.v20220405-0441 [50])
2023-05-24 07:13:34,679 [Worker-3: Launching Executing install in C__api_demo] INFO  o.eclipse.m2e.core.internal.Bundles - 	Entry: C:\Users\NERM\Downloads\sts-4.18.1.RELEASE\plugins\javax.inject_1.0.0.v20220405-0441.jar
2023-05-24 07:13:34,680 [Worker-3: Launching Executing install in C__api_demo] INFO  o.eclipse.m2e.core.internal.Bundles - getClasspathEntries(Bundle=javax.annotation_1.3.5.v20221203-1659 [48])
2023-05-24 07:13:34,682 [Worker-3: Launching Executing install in C__api_demo] INFO  o.eclipse.m2e.core.internal.Bundles - 	Entry: C:\Users\NERM\Downloads\sts-4.18.1.RELEASE\plugins\javax.annotation_1.3.5.v20221203-1659.jar
2023-05-24 07:13:34,682 [Worker-3: Launching Executing install in C__api_demo] INFO  o.eclipse.m2e.core.internal.Bundles - getClasspathEntries(Bundle=org.apache.commons.cli_1.4.0.v20221112-0806 [73])
2023-05-24 07:13:34,685 [Worker-3: Launching Executing install in C__api_demo] INFO  o.eclipse.m2e.core.internal.Bundles - 	Entry: C:\Users\NERM\Downloads\sts-4.18.1.RELEASE\plugins\org.apache.commons.cli_1.4.0.v20221112-0806.jar
2023-05-24 07:13:34,685 [Worker-3: Launching Executing install in C__api_demo] INFO  o.eclipse.m2e.core.internal.Bundles - getClasspathEntries(Bundle=com.google.guava.failureaccess_1.0.1 [25])
2023-05-24 07:13:34,687 [Worker-3: Launching Executing install in C__api_demo] INFO  o.eclipse.m2e.core.internal.Bundles - 	Entry: C:\Users\NERM\Downloads\sts-4.18.1.RELEASE\plugins\com.google.guava.failureaccess_1.0.1.jar
2023-05-24 07:13:34,694 [Worker-3: Launching Executing install in C__api_demo] INFO  o.e.m.i.launch.MavenLaunchDelegate - Run build in "C:\api\demo":
2023-05-24 07:13:34,695 [Worker-3: Launching Executing install in C__api_demo] INFO  o.e.m.i.launch.MavenLaunchDelegate -  mvn  -B -Dstyle.color=always install
2023-05-24 07:17:50,030 [Worker-9: Building] INFO  o.a.m.s.f.DefaultMavenResourcesFiltering - Copying 1 resource from src\main\resources to target\classes
2023-05-24 07:17:50,119 [Worker-9: Building] INFO  o.a.m.s.f.DefaultMavenResourcesFiltering - Copying 1 resource from src\main\resources to target\classes
2023-05-24 07:17:50,128 [Worker-9: Building] INFO  o.a.m.s.f.DefaultMavenResourcesFiltering - skip non existing resourceDirectory C:\api\demo\src\test\resources
2023-05-24 07:17:51,523 [Worker-22: Building] INFO  o.a.m.s.f.DefaultMavenResourcesFiltering - Copying 1 resource from src\main\resources to target\classes
2023-05-24 07:17:51,526 [Worker-22: Building] INFO  o.a.m.s.f.DefaultMavenResourcesFiltering - Copying 1 resource from src\main\resources to target\classes
2023-05-24 07:17:51,533 [Worker-22: Building] INFO  o.a.m.s.f.DefaultMavenResourcesFiltering - skip non existing resourceDirectory C:\api\demo\src\test\resources
2023-05-24 07:18:05,934 [Worker-22: Building] INFO  o.a.m.s.f.DefaultMavenResourcesFiltering - Copying 1 resource from src\main\resources to target\classes
2023-05-24 07:18:05,968 [Worker-22: Building] INFO  o.a.m.s.f.DefaultMavenResourcesFiltering - Copying 1 resource from src\main\resources to target\classes
2023-05-24 07:18:05,989 [Worker-22: Building] INFO  o.a.m.s.f.DefaultMavenResourcesFiltering - skip non existing resourceDirectory C:\api\demo\src\test\resources
2023-05-24 07:19:38,205 [Worker-18: Building] INFO  o.a.m.s.f.DefaultMavenResourcesFiltering - Copying 1 resource from src\main\resources to target\classes
2023-05-24 07:19:38,259 [Worker-18: Building] INFO  o.a.m.s.f.DefaultMavenResourcesFiltering - Copying 1 resource from src\main\resources to target\classes
2023-05-24 07:19:38,265 [Worker-18: Building] INFO  o.a.m.s.f.DefaultMavenResourcesFiltering - skip non existing resourceDirectory C:\api\demo\src\test\resources
2023-05-24 07:20:02,638 [Worker-23: Building] INFO  o.a.m.s.f.DefaultMavenResourcesFiltering - Copying 1 resource from src\main\resources to target\classes
2023-05-24 07:20:02,675 [Worker-23: Building] INFO  o.a.m.s.f.DefaultMavenResourcesFiltering - Copying 1 resource from src\main\resources to target\classes
2023-05-24 07:20:02,682 [Worker-23: Building] INFO  o.a.m.s.f.DefaultMavenResourcesFiltering - skip non existing resourceDirectory C:\api\demo\src\test\resources
2023-05-24 07:20:24,101 [Worker-18: Building] INFO  o.a.m.s.f.DefaultMavenResourcesFiltering - Copying 1 resource from src\main\resources to target\classes
2023-05-24 07:20:24,125 [Worker-18: Building] INFO  o.a.m.s.f.DefaultMavenResourcesFiltering - Copying 1 resource from src\main\resources to target\classes
2023-05-24 07:20:24,135 [Worker-18: Building] INFO  o.a.m.s.f.DefaultMavenResourcesFiltering - skip non existing resourceDirectory C:\api\demo\src\test\resources
2023-05-24 07:20:31,057 [Worker-26: Building] INFO  o.a.m.s.f.DefaultMavenResourcesFiltering - Copying 1 resource from src\main\resources to target\classes
2023-05-24 07:20:31,092 [Worker-26: Building] INFO  o.a.m.s.f.DefaultMavenResourcesFiltering - Copying 1 resource from src\main\resources to target\classes
2023-05-24 07:20:31,101 [Worker-26: Building] INFO  o.a.m.s.f.DefaultMavenResourcesFiltering - skip non existing resourceDirectory C:\api\demo\src\test\resources
2023-05-24 07:21:40,449 [Worker-18: Updating Maven Project] INFO  o.e.m.c.i.p.ProjectConfigurationManager - Update started
2023-05-24 07:21:42,176 [Worker-18: Updating Maven Project] INFO  o.e.m.c.i.l.LifecycleMappingFactory - Using org.eclipse.m2e.jdt.JarLifecycleMapping lifecycle mapping for MavenProject: com.webservice:api:0.0.1-SNAPSHOT @ C:\api\demo\pom.xml.
2023-05-24 07:21:42,679 [Worker-18: Updating Maven Project] INFO  o.e.m.j.i.AbstractJavaProjectConfigurator - Adding source folder /demo/src/main/java
2023-05-24 07:21:42,680 [Worker-18: Updating Maven Project] INFO  o.e.m.j.i.AbstractJavaProjectConfigurator - Adding resource folder /demo/src/main/resources
2023-05-24 07:21:42,681 [Worker-18: Updating Maven Project] INFO  o.e.m.j.i.AbstractJavaProjectConfigurator - Adding resource folder /demo/src/main/resources
2023-05-24 07:21:42,681 [Worker-18: Updating Maven Project] INFO  o.e.m.j.i.AbstractJavaProjectConfigurator - Adding source folder /demo/src/test/java
2023-05-24 07:21:43,289 [Worker-18: Updating Maven Project] INFO  o.e.m.c.i.p.ProjectConfigurationManager - Update completed for 1 poms: local refresh takes 0,00 sec, refresh facades takes 2,00 sec, update config takes 0,00 sec 
2023-05-24 07:21:43,663 [Worker-21: Building] INFO  o.a.m.s.f.DefaultMavenResourcesFiltering - Copying 1 resource from src\main\resources to target\classes
2023-05-24 07:21:43,684 [Worker-21: Building] INFO  o.a.m.s.f.DefaultMavenResourcesFiltering - Copying 1 resource from src\main\resources to target\classes
2023-05-24 07:21:43,692 [Worker-21: Building] INFO  o.a.m.s.f.DefaultMavenResourcesFiltering - skip non existing resourceDirectory C:\api\demo\src\test\resources
2023-05-24 07:21:56,804 [Worker-24: Launching Executing install in C__api_demo] INFO  o.e.m.i.launch.MavenLaunchDelegate - Run build in "C:\api\demo":
2023-05-24 07:21:56,806 [Worker-24: Launching Executing install in C__api_demo] INFO  o.e.m.i.launch.MavenLaunchDelegate -  mvn  -B -Dstyle.color=always install
2023-05-24 07:24:40,883 [Worker-27: Building] INFO  o.a.m.s.f.DefaultMavenResourcesFiltering - Copying 1 resource from src\main\resources to target\classes
2023-05-24 07:24:40,904 [Worker-27: Building] INFO  o.a.m.s.f.DefaultMavenResourcesFiltering - Copying 1 resource from src\main\resources to target\classes
2023-05-24 07:24:40,912 [Worker-27: Building] INFO  o.a.m.s.f.DefaultMavenResourcesFiltering - skip non existing resourceDirectory C:\api\demo\src\test\resources
2023-05-25 15:01:51,975 [Worker-2: Loading available Gradle versions] INFO  o.e.b.c.i.u.g.PublishedGradleVersions - Gradle version information cache is out-of-date. Trying to update.
2023-05-25 15:05:10,816 [Worker-2: Launching demo - DemoApplication] INFO  o.a.m.s.f.DefaultMavenResourcesFiltering - Copying 1 resource from src\main\resources to target\classes
2023-05-25 15:05:10,865 [Worker-2: Launching demo - DemoApplication] INFO  o.a.m.s.f.DefaultMavenResourcesFiltering - Copying 1 resource from src\main\resources to target\classes
2023-05-25 15:05:10,881 [Worker-2: Launching demo - DemoApplication] INFO  o.a.m.s.f.DefaultMavenResourcesFiltering - skip non existing resourceDirectory C:\api\demo\src\test\resources
2023-05-25 15:10:24,755 [Worker-15: Building] INFO  o.a.m.s.f.DefaultMavenResourcesFiltering - Copying 1 resource from src\main\resources to target\classes
2023-05-25 15:10:24,906 [Worker-15: Building] INFO  o.a.m.s.f.DefaultMavenResourcesFiltering - Copying 1 resource from src\main\resources to target\classes
2023-05-25 15:10:24,916 [Worker-15: Building] INFO  o.a.m.s.f.DefaultMavenResourcesFiltering - skip non existing resourceDirectory C:\api\demo\src\test\resources
2023-05-25 15:12:30,873 [Worker-14: Building] INFO  o.a.m.s.f.DefaultMavenResourcesFiltering - Copying 1 resource from src\main\resources to target\classes
2023-05-25 15:12:31,125 [Worker-14: Building] INFO  o.a.m.s.f.DefaultMavenResourcesFiltering - Copying 1 resource from src\main\resources to target\classes
2023-05-25 15:12:31,133 [Worker-14: Building] INFO  o.a.m.s.f.DefaultMavenResourcesFiltering - skip non existing resourceDirectory C:\api\demo\src\test\resources
2023-05-25 15:14:56,528 [Worker-14: Building] INFO  o.a.m.s.f.DefaultMavenResourcesFiltering - Copying 1 resource from src\main\resources to target\classes
2023-05-25 15:14:56,545 [Worker-14: Building] INFO  o.a.m.s.f.DefaultMavenResourcesFiltering - Copying 1 resource from src\main\resources to target\classes
2023-05-25 15:14:56,550 [Worker-14: Building] INFO  o.a.m.s.f.DefaultMavenResourcesFiltering - skip non existing resourceDirectory C:\api\demo\src\test\resources
2023-05-25 15:17:25,568 [Worker-19: Building] INFO  o.a.m.s.f.DefaultMavenResourcesFiltering - Copying 1 resource from src\main\resources to target\classes
2023-05-25 15:17:25,595 [Worker-19: Building] INFO  o.a.m.s.f.DefaultMavenResourcesFiltering - Copying 1 resource from src\main\resources to target\classes
2023-05-25 15:17:25,605 [Worker-19: Building] INFO  o.a.m.s.f.DefaultMavenResourcesFiltering - skip non existing resourceDirectory C:\api\demo\src\test\resources
2023-05-25 15:18:33,726 [Worker-21: Building] INFO  o.a.m.s.f.DefaultMavenResourcesFiltering - Copying 1 resource from src\main\resources to target\classes
2023-05-25 15:18:33,742 [Worker-21: Building] INFO  o.a.m.s.f.DefaultMavenResourcesFiltering - Copying 1 resource from src\main\resources to target\classes
2023-05-25 15:18:33,748 [Worker-21: Building] INFO  o.a.m.s.f.DefaultMavenResourcesFiltering - skip non existing resourceDirectory C:\api\demo\src\test\resources
2023-05-25 15:31:55,241 [Worker-23: Building] INFO  o.a.m.s.f.DefaultMavenResourcesFiltering - Copying 1 resource from src\main\resources to target\classes
2023-05-25 15:31:55,271 [Worker-23: Building] INFO  o.a.m.s.f.DefaultMavenResourcesFiltering - Copying 1 resource from src\main\resources to target\classes
2023-05-25 15:31:55,277 [Worker-23: Building] INFO  o.a.m.s.f.DefaultMavenResourcesFiltering - skip non existing resourceDirectory C:\api\demo\src\test\resources
2023-05-25 15:32:42,944 [Worker-14: Building] INFO  o.a.m.s.f.DefaultMavenResourcesFiltering - Copying 1 resource from src\main\resources to target\classes
2023-05-25 15:32:42,959 [Worker-14: Building] INFO  o.a.m.s.f.DefaultMavenResourcesFiltering - Copying 1 resource from src\main\resources to target\classes
2023-05-25 15:32:42,968 [Worker-14: Building] INFO  o.a.m.s.f.DefaultMavenResourcesFiltering - skip non existing resourceDirectory C:\api\demo\src\test\resources
2023-05-25 15:32:44,968 [Worker-22: Building] INFO  o.a.m.s.f.DefaultMavenResourcesFiltering - Copying 1 resource from src\main\resources to target\classes
2023-05-25 15:32:45,049 [Worker-22: Building] INFO  o.a.m.s.f.DefaultMavenResourcesFiltering - Copying 1 resource from src\main\resources to target\classes
2023-05-25 15:32:45,056 [Worker-22: Building] INFO  o.a.m.s.f.DefaultMavenResourcesFiltering - skip non existing resourceDirectory C:\api\demo\src\test\resources
2023-05-25 15:33:08,009 [Worker-22: Building] INFO  o.a.m.s.f.DefaultMavenResourcesFiltering - Copying 1 resource from src\main\resources to target\classes
2023-05-25 15:33:08,072 [Worker-22: Building] INFO  o.a.m.s.f.DefaultMavenResourcesFiltering - Copying 1 resource from src\main\resources to target\classes
2023-05-25 15:33:08,081 [Worker-22: Building] INFO  o.a.m.s.f.DefaultMavenResourcesFiltering - skip non existing resourceDirectory C:\api\demo\src\test\resources
2023-05-25 15:56:40,084 [Worker-28: Building] INFO  o.a.m.s.f.DefaultMavenResourcesFiltering - Copying 1 resource from src\main\resources to target\classes
2023-05-25 15:56:40,110 [Worker-28: Building] INFO  o.a.m.s.f.DefaultMavenResourcesFiltering - Copying 1 resource from src\main\resources to target\classes
2023-05-25 15:56:40,114 [Worker-28: Building] INFO  o.a.m.s.f.DefaultMavenResourcesFiltering - skip non existing resourceDirectory C:\api\demo\src\test\resources
2023-05-25 16:07:10,556 [Worker-29: Building] INFO  o.a.m.s.f.DefaultMavenResourcesFiltering - Copying 1 resource from src\main\resources to target\classes
2023-05-25 16:07:10,639 [Worker-29: Building] INFO  o.a.m.s.f.DefaultMavenResourcesFiltering - Copying 1 resource from src\main\resources to target\classes
2023-05-25 16:07:10,643 [Worker-29: Building] INFO  o.a.m.s.f.DefaultMavenResourcesFiltering - skip non existing resourceDirectory C:\api\demo\src\test\resources
2023-05-25 16:07:43,987 [Worker-27: Building] INFO  o.a.m.s.f.DefaultMavenResourcesFiltering - Copying 1 resource from src\main\resources to target\classes
2023-05-25 16:07:44,003 [Worker-27: Building] INFO  o.a.m.s.f.DefaultMavenResourcesFiltering - Copying 1 resource from src\main\resources to target\classes
2023-05-25 16:07:44,008 [Worker-27: Building] INFO  o.a.m.s.f.DefaultMavenResourcesFiltering - skip non existing resourceDirectory C:\api\demo\src\test\resources
2023-05-25 16:09:15,306 [Worker-32: Building] INFO  o.a.m.s.f.DefaultMavenResourcesFiltering - Copying 1 resource from src\main\resources to target\classes
2023-05-25 16:09:15,318 [Worker-32: Building] INFO  o.a.m.s.f.DefaultMavenResourcesFiltering - Copying 1 resource from src\main\resources to target\classes
2023-05-25 16:09:15,322 [Worker-32: Building] INFO  o.a.m.s.f.DefaultMavenResourcesFiltering - skip non existing resourceDirectory C:\api\demo\src\test\resources
2023-05-25 16:11:17,841 [Worker-31: Building] INFO  o.a.m.s.f.DefaultMavenResourcesFiltering - Copying 1 resource from src\main\resources to target\classes
2023-05-25 16:11:17,952 [Worker-31: Building] INFO  o.a.m.s.f.DefaultMavenResourcesFiltering - Copying 1 resource from src\main\resources to target\classes
2023-05-25 16:11:17,956 [Worker-31: Building] INFO  o.a.m.s.f.DefaultMavenResourcesFiltering - skip non existing resourceDirectory C:\api\demo\src\test\resources
2023-05-25 16:12:18,476 [Worker-35: Building] INFO  o.a.m.s.f.DefaultMavenResourcesFiltering - Copying 1 resource from src\main\resources to target\classes
2023-05-25 16:12:18,496 [Worker-35: Building] INFO  o.a.m.s.f.DefaultMavenResourcesFiltering - Copying 1 resource from src\main\resources to target\classes
2023-05-25 16:12:18,503 [Worker-35: Building] INFO  o.a.m.s.f.DefaultMavenResourcesFiltering - skip non existing resourceDirectory C:\api\demo\src\test\resources
2023-05-25 16:12:39,192 [Worker-34: Building] INFO  o.a.m.s.f.DefaultMavenResourcesFiltering - Copying 1 resource from src\main\resources to target\classes
2023-05-25 16:12:39,208 [Worker-34: Building] INFO  o.a.m.s.f.DefaultMavenResourcesFiltering - Copying 1 resource from src\main\resources to target\classes
2023-05-25 16:12:39,211 [Worker-34: Building] INFO  o.a.m.s.f.DefaultMavenResourcesFiltering - skip non existing resourceDirectory C:\api\demo\src\test\resources
2023-05-25 16:13:34,633 [Worker-29: Building] INFO  o.a.m.s.f.DefaultMavenResourcesFiltering - Copying 1 resource from src\main\resources to target\classes
2023-05-25 16:13:34,651 [Worker-29: Building] INFO  o.a.m.s.f.DefaultMavenResourcesFiltering - Copying 1 resource from src\main\resources to target\classes
2023-05-25 16:13:34,655 [Worker-29: Building] INFO  o.a.m.s.f.DefaultMavenResourcesFiltering - skip non existing resourceDirectory C:\api\demo\src\test\resources
2023-05-25 19:02:07,757 [Worker-5: Loading available Gradle versions] INFO  o.e.b.c.i.u.g.PublishedGradleVersions - Gradle version information cache is up-to-date. Trying to read.
